0 verbose cli /usr/local/bin/node /usr/local/bin/npm
1 info using npm@8.11.0
2 info using node@v16.16.0
3 timing npm:load:whichnode Completed in 0ms
4 timing config:load:defaults Completed in 2ms
5 timing config:load:file:/usr/local/lib/node_modules/npm/npmrc Completed in 3ms
6 timing config:load:builtin Completed in 4ms
7 warn config production Use `--omit=dev` instead.
8 timing config:load:cli Completed in 2ms
9 timing config:load:env Completed in 0ms
10 timing config:load:file:/data/.npmrc Completed in 0ms
11 timing config:load:project Completed in 15ms
12 timing config:load:file:/usr/src/node-red/.npmrc Completed in 1ms
13 timing config:load:user Completed in 1ms
14 timing config:load:file:/usr/local/etc/npmrc Completed in 1ms
15 timing config:load:global Completed in 1ms
16 timing config:load:validate Completed in 0ms
17 timing config:load:credentials Completed in 1ms
18 timing config:load:setEnvs Completed in 1ms
19 timing config:load Completed in 27ms
20 timing npm:load:configload Completed in 27ms
21 timing npm:load:mkdirpcache Completed in 1ms
22 timing npm:load:mkdirplogs Completed in 1ms
23 verbose title npm install node-red-contrib-postgresql@0.12.0
24 verbose argv "install" "--no-audit" "--no-update-notifier" "--no-fund" "--save" "--save-prefix" "~" "--production" "--engine-strict" "node-red-contrib-postgresql@0.12.0"
25 timing npm:load:setTitle Completed in 1ms
26 timing config:load:flatten Completed in 4ms
27 timing npm:load:display Completed in 6ms
28 verbose logfile logs-max:10 dir:/data/.npm/_logs
29 verbose logfile /data/.npm/_logs/2023-02-03T09_49_33_633Z-debug-0.log
30 timing npm:load:logFile Completed in 7ms
31 timing npm:load:timers Completed in 1ms
32 timing npm:load:configScope Completed in 0ms
33 timing npm:load Completed in 44ms
34 timing arborist:ctor Completed in 1ms
35 silly logfile done cleaning log files
36 timing arborist:ctor Completed in 1ms
37 timing idealTree:init Completed in 14ms
38 timing idealTree:userRequests Completed in 5ms
39 silly idealTree buildDeps
40 silly fetch manifest node-red-contrib-postgresql@0.12.0
41 http fetch GET 200 https://registry.npmjs.org/node-red-contrib-postgresql 774ms (cache miss)
42 silly placeDep ROOT node-red-contrib-postgresql@0.12.0 OK for: node-red-project@0.0.1 want: 0.12.0
43 silly fetch manifest mustache@^4.2.0
44 silly fetch manifest pg@^8.8.0
45 silly fetch manifest pg-cursor@^2.7.4
46 http fetch GET 200 https://registry.npmjs.org/mustache 34ms (cache miss)
47 http fetch GET 200 https://registry.npmjs.org/pg 61ms (cache miss)
48 http fetch GET 200 https://registry.npmjs.org/pg-cursor 656ms (cache miss)
49 timing idealTree:#root Completed in 1443ms
50 silly fetch manifest pg-native@>=3.0.1
51 http fetch GET 200 https://registry.npmjs.org/pg-native 194ms (cache miss)
52 silly placeDep ROOT mustache@4.2.0 OK for: node-red-contrib-postgresql@0.12.0 want: ^4.2.0
53 silly placeDep ROOT pg@8.9.0 OK for: node-red-contrib-postgresql@0.12.0 want: ^8.8.0
54 silly placeDep ROOT pg-cursor@2.8.0 OK for: node-red-contrib-postgresql@0.12.0 want: ^2.7.4
55 silly fetch manifest buffer-writer@2.0.0
56 silly fetch manifest packet-reader@1.0.0
57 silly fetch manifest pg-connection-string@^2.5.0
58 silly fetch manifest pg-pool@^3.5.2
59 silly fetch manifest pg-protocol@^1.6.0
60 silly fetch manifest pg-types@^2.1.0
61 silly fetch manifest pgpass@1.x
62 http fetch GET 200 https://registry.npmjs.org/buffer-writer 50ms (cache miss)
63 http fetch GET 200 https://registry.npmjs.org/pg-connection-string 49ms (cache miss)
64 http fetch GET 200 https://registry.npmjs.org/pgpass 75ms (cache miss)
65 http fetch GET 200 https://registry.npmjs.org/pg-protocol 82ms (cache miss)
66 http fetch GET 200 https://registry.npmjs.org/pg-types 82ms (cache miss)
67 http fetch GET 200 https://registry.npmjs.org/pg-pool 90ms (cache miss)
68 http fetch GET 200 https://registry.npmjs.org/packet-reader 214ms (cache miss)
69 timing idealTree:node_modules/node-red-contrib-postgresql Completed in 434ms
70 timing idealTree:node_modules/mustache Completed in 0ms
71 silly fetch manifest pg@>=8.0
72 silly placeDep ROOT buffer-writer@2.0.0 OK for: pg@8.9.0 want: 2.0.0
73 silly placeDep ROOT packet-reader@1.0.0 OK for: pg@8.9.0 want: 1.0.0
74 silly placeDep ROOT pg-connection-string@2.5.0 OK for: pg@8.9.0 want: ^2.5.0
75 silly placeDep ROOT pg-pool@3.5.2 OK for: pg@8.9.0 want: ^3.5.2
76 silly placeDep ROOT pg-protocol@1.6.0 OK for: pg@8.9.0 want: ^1.6.0
77 silly placeDep ROOT pg-types@2.2.0 OK for: pg@8.9.0 want: ^2.1.0
78 silly placeDep ROOT pgpass@1.0.5 OK for: pg@8.9.0 want: 1.x
79 silly fetch manifest pg-int8@1.0.1
80 silly fetch manifest postgres-array@~2.0.0
81 silly fetch manifest postgres-bytea@~1.0.0
82 silly fetch manifest postgres-date@~1.0.4
83 silly fetch manifest postgres-interval@^1.1.0
84 silly fetch manifest split2@^4.1.0
85 http fetch GET 200 https://registry.npmjs.org/split2 48ms (cache miss)
86 http fetch GET 200 https://registry.npmjs.org/pg-int8 53ms (cache miss)
87 http fetch GET 200 https://registry.npmjs.org/postgres-bytea 51ms (cache miss)
88 http fetch GET 200 https://registry.npmjs.org/postgres-date 51ms (cache miss)
89 http fetch GET 200 https://registry.npmjs.org/postgres-array 53ms (cache miss)
90 http fetch GET 200 https://registry.npmjs.org/postgres-interval 649ms (cache miss)
91 timing idealTree:node_modules/pg Completed in 669ms
92 timing idealTree:node_modules/buffer-writer Completed in 0ms
93 timing idealTree:node_modules/packet-reader Completed in 0ms
94 timing idealTree:node_modules/pg-connection-string Completed in 0ms
95 timing idealTree:node_modules/pg-cursor Completed in 0ms
96 timing idealTree:node_modules/pg-pool Completed in 0ms
97 timing idealTree:node_modules/pg-protocol Completed in 0ms
98 silly placeDep ROOT pg-int8@1.0.1 OK for: pg-types@2.2.0 want: 1.0.1
99 silly placeDep ROOT postgres-array@2.0.0 OK for: pg-types@2.2.0 want: ~2.0.0
100 silly placeDep ROOT postgres-bytea@1.0.0 OK for: pg-types@2.2.0 want: ~1.0.0
101 silly placeDep ROOT postgres-date@1.0.7 OK for: pg-types@2.2.0 want: ~1.0.4
102 silly placeDep ROOT postgres-interval@1.2.0 OK for: pg-types@2.2.0 want: ^1.1.0
103 silly fetch manifest xtend@^4.0.0
104 http fetch GET 200 https://registry.npmjs.org/xtend 27ms (cache miss)
105 timing idealTree:node_modules/pg-types Completed in 33ms
106 timing idealTree:node_modules/pg-int8 Completed in 1ms
107 silly placeDep ROOT split2@4.1.0 OK for: pgpass@1.0.5 want: ^4.1.0
108 timing idealTree:node_modules/pgpass Completed in 1ms
109 timing idealTree:node_modules/postgres-array Completed in 0ms
110 timing idealTree:node_modules/postgres-bytea Completed in 0ms
111 timing idealTree:node_modules/postgres-date Completed in 0ms
112 silly placeDep ROOT xtend@4.0.2 OK for: postgres-interval@1.2.0 want: ^4.0.0
113 timing idealTree:node_modules/postgres-interval Completed in 1ms
114 timing idealTree:node_modules/split2 Completed in 0ms
115 timing idealTree:node_modules/xtend Completed in 0ms
116 timing idealTree:buildDeps Completed in 2587ms
117 timing idealTree:fixDepFlags Completed in 1ms
118 timing idealTree Completed in 2607ms
119 timing reify:loadTrees Completed in 2609ms
120 timing reify:diffTrees Completed in 1ms
121 silly reify moves {}
122 timing reify:retireShallow Completed in 1ms
123 timing reify:createSparse Completed in 5ms
124 timing reify:trashOmits Completed in 0ms
125 timing reify:loadBundles Completed in 0ms
126 silly tarball no local data for xtend@https://registry.npmjs.org/xtend/-/xtend-4.0.2.tgz. Extracting by manifest.
127 silly tarball no local data for split2@https://registry.npmjs.org/split2/-/split2-4.1.0.tgz. Extracting by manifest.
128 silly tarball no local data for postgres-interval@https://registry.npmjs.org/postgres-interval/-/postgres-interval-1.2.0.tgz. Extracting by manifest.
129 silly tarball no local data for postgres-date@https://registry.npmjs.org/postgres-date/-/postgres-date-1.0.7.tgz. Extracting by manifest.
130 silly tarball no local data for postgres-bytea@https://registry.npmjs.org/postgres-bytea/-/postgres-bytea-1.0.0.tgz. Extracting by manifest.
131 silly tarball no local data for postgres-array@https://registry.npmjs.org/postgres-array/-/postgres-array-2.0.0.tgz. Extracting by manifest.
132 silly tarball no local data for pg-int8@https://registry.npmjs.org/pg-int8/-/pg-int8-1.0.1.tgz. Extracting by manifest.
133 silly tarball no local data for pgpass@https://registry.npmjs.org/pgpass/-/pgpass-1.0.5.tgz. Extracting by manifest.
134 silly tarball no local data for pg-types@https://registry.npmjs.org/pg-types/-/pg-types-2.2.0.tgz. Extracting by manifest.
135 silly tarball no local data for pg-protocol@https://registry.npmjs.org/pg-protocol/-/pg-protocol-1.6.0.tgz. Extracting by manifest.
136 silly tarball no local data for pg-pool@https://registry.npmjs.org/pg-pool/-/pg-pool-3.5.2.tgz. Extracting by manifest.
137 silly tarball no local data for pg-connection-string@https://registry.npmjs.org/pg-connection-string/-/pg-connection-string-2.5.0.tgz. Extracting by manifest.
138 silly tarball no local data for packet-reader@https://registry.npmjs.org/packet-reader/-/packet-reader-1.0.0.tgz. Extracting by manifest.
139 silly tarball no local data for buffer-writer@https://registry.npmjs.org/buffer-writer/-/buffer-writer-2.0.0.tgz. Extracting by manifest.
140 silly tarball no local data for pg-cursor@https://registry.npmjs.org/pg-cursor/-/pg-cursor-2.8.0.tgz. Extracting by manifest.
141 silly tarball no local data for pg@https://registry.npmjs.org/pg/-/pg-8.9.0.tgz. Extracting by manifest.
142 silly tarball no local data for mustache@https://registry.npmjs.org/mustache/-/mustache-4.2.0.tgz. Extracting by manifest.
143 silly tarball no local data for node-red-contrib-postgresql@https://registry.npmjs.org/node-red-contrib-postgresql/-/node-red-contrib-postgresql-0.12.0.tgz. Extracting by manifest.
144 http fetch GET 200 https://registry.npmjs.org/postgres-interval/-/postgres-interval-1.2.0.tgz 305ms (cache miss)
145 timing reifyNode:node_modules/postgres-interval Completed in 330ms
146 http fetch GET 200 https://registry.npmjs.org/pg-int8/-/pg-int8-1.0.1.tgz 288ms (cache miss)
147 timing reifyNode:node_modules/pg-int8 Completed in 335ms
148 http fetch GET 200 https://registry.npmjs.org/postgres-array/-/postgres-array-2.0.0.tgz 300ms (cache miss)
149 timing reifyNode:node_modules/postgres-array Completed in 338ms
150 http fetch GET 200 https://registry.npmjs.org/split2/-/split2-4.1.0.tgz 321ms (cache miss)
151 timing reifyNode:node_modules/split2 Completed in 341ms
152 http fetch GET 200 https://registry.npmjs.org/postgres-bytea/-/postgres-bytea-1.0.0.tgz 318ms (cache miss)
153 timing reifyNode:node_modules/postgres-bytea Completed in 352ms
154 http fetch GET 200 https://registry.npmjs.org/xtend/-/xtend-4.0.2.tgz 343ms (cache miss)
155 timing reifyNode:node_modules/xtend Completed in 357ms
156 http fetch GET 200 https://registry.npmjs.org/postgres-date/-/postgres-date-1.0.7.tgz 334ms (cache miss)
157 timing reifyNode:node_modules/postgres-date Completed in 360ms
158 http fetch GET 200 https://registry.npmjs.org/packet-reader/-/packet-reader-1.0.0.tgz 294ms (cache miss)
159 timing reifyNode:node_modules/packet-reader Completed in 396ms
160 http fetch GET 200 https://registry.npmjs.org/buffer-writer/-/buffer-writer-2.0.0.tgz 297ms (cache miss)
161 timing reifyNode:node_modules/buffer-writer Completed in 409ms
162 http fetch GET 200 https://registry.npmjs.org/pgpass/-/pgpass-1.0.5.tgz 351ms (cache miss)
163 timing reifyNode:node_modules/pgpass Completed in 413ms
164 http fetch GET 200 https://registry.npmjs.org/pg-connection-string/-/pg-connection-string-2.5.0.tgz 330ms (cache miss)
165 timing reifyNode:node_modules/pg-connection-string Completed in 416ms
166 http fetch GET 200 https://registry.npmjs.org/pg-cursor/-/pg-cursor-2.8.0.tgz 296ms (cache miss)
167 timing reifyNode:node_modules/pg-cursor Completed in 425ms
168 http fetch GET 200 https://registry.npmjs.org/pg-types/-/pg-types-2.2.0.tgz 374ms (cache miss)
169 timing reifyNode:node_modules/pg-types Completed in 443ms
170 http fetch GET 200 https://registry.npmjs.org/pg/-/pg-8.9.0.tgz 316ms (cache miss)
171 timing reifyNode:node_modules/pg Completed in 450ms
172 http fetch GET 200 https://registry.npmjs.org/mustache/-/mustache-4.2.0.tgz 328ms (cache miss)
173 http fetch GET 200 https://registry.npmjs.org/node-red-contrib-postgresql/-/node-red-contrib-postgresql-0.12.0.tgz 329ms (cache miss)
174 timing reifyNode:node_modules/node-red-contrib-postgresql Completed in 470ms
175 timing reifyNode:node_modules/mustache Completed in 475ms
176 http fetch GET 200 https://registry.npmjs.org/pg-pool/-/pg-pool-3.5.2.tgz 401ms (cache miss)
177 timing reifyNode:node_modules/pg-pool Completed in 481ms
178 http fetch GET 200 https://registry.npmjs.org/pg-protocol/-/pg-protocol-1.6.0.tgz 417ms (cache miss)
179 timing reifyNode:node_modules/pg-protocol Completed in 493ms
180 timing reify:unpack Completed in 494ms
181 timing reify:unretire Completed in 0ms
182 timing build:queue Completed in 1ms
183 timing build:link:node_modules/mustache Completed in 2ms
184 timing build:link Completed in 3ms
185 timing build:deps Completed in 5ms
186 timing build Completed in 5ms
187 timing reify:build Completed in 5ms
188 timing reify:trash Completed in 0ms
189 timing reify:save Completed in 33ms
190 timing reify Completed in 3159ms
191 silly ADD node_modules/xtend
192 silly ADD node_modules/split2
193 silly ADD node_modules/postgres-interval
194 silly ADD node_modules/postgres-date
195 silly ADD node_modules/postgres-bytea
196 silly ADD node_modules/postgres-array
197 silly ADD node_modules/pg-int8
198 silly ADD node_modules/pgpass
199 silly ADD node_modules/pg-types
200 silly ADD node_modules/pg-protocol
201 silly ADD node_modules/pg-pool
202 silly ADD node_modules/pg-connection-string
203 silly ADD node_modules/packet-reader
204 silly ADD node_modules/buffer-writer
205 silly ADD node_modules/pg-cursor
206 silly ADD node_modules/pg
207 silly ADD node_modules/mustache
208 silly ADD node_modules/node-red-contrib-postgresql
209 timing command:install Completed in 3165ms
210 verbose exit 0
211 timing npm Completed in 3403ms
212 info ok
