0 verbose cli /usr/local/bin/node /usr/local/bin/npm
1 info using npm@8.11.0
2 info using node@v16.16.0
3 timing npm:load:whichnode Completed in 0ms
4 timing config:load:defaults Completed in 2ms
5 timing config:load:file:/usr/local/lib/node_modules/npm/npmrc Completed in 1ms
6 timing config:load:builtin Completed in 1ms
7 warn config production Use `--omit=dev` instead.
8 timing config:load:cli Completed in 5ms
9 timing config:load:env Completed in 0ms
10 timing config:load:file:/data/.npmrc Completed in 0ms
11 timing config:load:project Completed in 10ms
12 timing config:load:file:/usr/src/node-red/.npmrc Completed in 2ms
13 timing config:load:user Completed in 3ms
14 timing config:load:file:/usr/local/etc/npmrc Completed in 3ms
15 timing config:load:global Completed in 4ms
16 timing config:load:validate Completed in 0ms
17 timing config:load:credentials Completed in 1ms
18 timing config:load:setEnvs Completed in 1ms
19 timing config:load Completed in 27ms
20 timing npm:load:configload Completed in 27ms
21 timing npm:load:mkdirpcache Completed in 1ms
22 timing npm:load:mkdirplogs Completed in 1ms
23 verbose title npm install node-red-node-serialport@1.0.3
24 verbose argv "install" "--no-audit" "--no-update-notifier" "--no-fund" "--save" "--save-prefix" "~" "--production" "--engine-strict" "node-red-node-serialport@1.0.3"
25 timing npm:load:setTitle Completed in 1ms
26 timing config:load:flatten Completed in 3ms
27 timing npm:load:display Completed in 5ms
28 verbose logfile logs-max:10 dir:/data/.npm/_logs
29 verbose logfile /data/.npm/_logs/2023-02-03T09_50_51_209Z-debug-0.log
30 timing npm:load:logFile Completed in 6ms
31 timing npm:load:timers Completed in 1ms
32 timing npm:load:configScope Completed in 0ms
33 timing npm:load Completed in 42ms
34 timing arborist:ctor Completed in 1ms
35 silly logfile done cleaning log files
36 timing idealTree:init Completed in 42ms
37 timing idealTree:userRequests Completed in 3ms
38 silly idealTree buildDeps
39 silly fetch manifest node-red-node-serialport@1.0.3
40 timing arborist:ctor Completed in 0ms
41 http fetch GET 200 https://registry.npmjs.org/node-red-node-serialport 781ms (cache miss)
42 silly placeDep ROOT node-red-node-serialport@1.0.3 OK for: node-red-project@0.0.1 want: 1.0.3
43 silly fetch manifest serialport@^10.5.0
44 http fetch GET 200 https://registry.npmjs.org/serialport 696ms (cache miss)
45 timing idealTree:#root Completed in 1489ms
46 silly placeDep ROOT serialport@10.5.0 OK for: node-red-node-serialport@1.0.3 want: ^10.5.0
47 silly fetch manifest @serialport/binding-mock@10.2.2
48 silly fetch manifest @serialport/bindings-cpp@10.8.0
49 silly fetch manifest @serialport/parser-byte-length@10.5.0
50 silly fetch manifest @serialport/parser-cctalk@10.5.0
51 silly fetch manifest @serialport/parser-delimiter@10.5.0
52 silly fetch manifest @serialport/parser-inter-byte-timeout@10.5.0
53 silly fetch manifest @serialport/parser-packet-length@10.5.0
54 silly fetch manifest @serialport/parser-readline@10.5.0
55 silly fetch manifest @serialport/parser-ready@10.5.0
56 silly fetch manifest @serialport/parser-regex@10.5.0
57 silly fetch manifest @serialport/parser-slip-encoder@10.5.0
58 silly fetch manifest @serialport/parser-spacepacket@10.5.0
59 silly fetch manifest @serialport/stream@10.5.0
60 silly fetch manifest debug@^4.3.3
61 http fetch GET 200 https://registry.npmjs.org/debug 72ms (cache miss)
62 http fetch GET 200 https://registry.npmjs.org/@serialport%2fparser-ready 867ms (cache miss)
63 http fetch GET 200 https://registry.npmjs.org/@serialport%2fparser-regex 896ms (cache miss)
64 http fetch GET 200 https://registry.npmjs.org/@serialport%2fparser-delimiter 912ms (cache miss)
65 http fetch GET 200 https://registry.npmjs.org/@serialport%2fparser-packet-length 928ms (cache miss)
66 http fetch GET 200 https://registry.npmjs.org/@serialport%2fparser-byte-length 1300ms (cache miss)
67 http fetch GET 200 https://registry.npmjs.org/@serialport%2fparser-inter-byte-timeout 1348ms (cache miss)
68 http fetch GET 200 https://registry.npmjs.org/@serialport%2fbindings-cpp 1371ms (cache miss)
69 http fetch GET 200 https://registry.npmjs.org/@serialport%2fbinding-mock 1396ms (cache miss)
70 http fetch GET 200 https://registry.npmjs.org/@serialport%2fparser-readline 1396ms (cache miss)
71 http fetch GET 200 https://registry.npmjs.org/@serialport%2fparser-spacepacket 1398ms (cache miss)
72 http fetch GET 200 https://registry.npmjs.org/@serialport%2fstream 1401ms (cache miss)
73 http fetch GET 200 https://registry.npmjs.org/@serialport%2fparser-cctalk 1408ms (cache miss)
74 http fetch GET 200 https://registry.npmjs.org/@serialport%2fparser-slip-encoder 1521ms (cache miss)
75 timing idealTree:node_modules/node-red-node-serialport Completed in 1529ms
76 silly placeDep ROOT @serialport/binding-mock@10.2.2 OK for: serialport@10.5.0 want: 10.2.2
77 silly placeDep ROOT @serialport/bindings-cpp@10.8.0 OK for: serialport@10.5.0 want: 10.8.0
78 silly placeDep ROOT @serialport/parser-byte-length@10.5.0 OK for: serialport@10.5.0 want: 10.5.0
79 silly placeDep ROOT @serialport/parser-cctalk@10.5.0 OK for: serialport@10.5.0 want: 10.5.0
80 silly placeDep ROOT @serialport/parser-delimiter@10.5.0 OK for: serialport@10.5.0 want: 10.5.0
81 silly placeDep ROOT @serialport/parser-inter-byte-timeout@10.5.0 OK for: serialport@10.5.0 want: 10.5.0
82 silly placeDep ROOT @serialport/parser-packet-length@10.5.0 OK for: serialport@10.5.0 want: 10.5.0
83 silly placeDep ROOT @serialport/parser-readline@10.5.0 OK for: serialport@10.5.0 want: 10.5.0
84 silly placeDep ROOT @serialport/parser-ready@10.5.0 OK for: serialport@10.5.0 want: 10.5.0
85 silly placeDep ROOT @serialport/parser-regex@10.5.0 OK for: serialport@10.5.0 want: 10.5.0
86 silly placeDep ROOT @serialport/parser-slip-encoder@10.5.0 OK for: serialport@10.5.0 want: 10.5.0
87 silly placeDep ROOT @serialport/parser-spacepacket@10.5.0 OK for: serialport@10.5.0 want: 10.5.0
88 silly placeDep ROOT @serialport/stream@10.5.0 OK for: serialport@10.5.0 want: 10.5.0
89 silly placeDep ROOT debug@4.3.4 OK for: serialport@10.5.0 want: ^4.3.3
90 silly fetch manifest @serialport/bindings-interface@^1.2.1
91 silly fetch manifest @serialport/bindings-interface@1.2.2
92 silly fetch manifest node-addon-api@^5.0.0
93 silly fetch manifest node-gyp-build@^4.3.0
94 silly fetch manifest ms@2.1.2
95 http fetch GET 200 https://registry.npmjs.org/ms 63ms (cache miss)
96 http fetch GET 200 https://registry.npmjs.org/node-addon-api 70ms (cache miss)
97 http fetch GET 200 https://registry.npmjs.org/node-gyp-build 683ms (cache miss)
98 http fetch GET 200 https://registry.npmjs.org/@serialport%2fbindings-interface 879ms (cache miss)
99 http fetch GET 200 https://registry.npmjs.org/@serialport%2fbindings-interface 1623ms (cache miss)
100 timing idealTree:node_modules/serialport Completed in 1646ms
101 silly placeDep ROOT @serialport/bindings-interface@1.2.2 OK for: @serialport/binding-mock@10.2.2 want: ^1.2.1
102 timing idealTree:node_modules/@serialport/binding-mock Completed in 2ms
103 silly placeDep ROOT node-addon-api@5.1.0 OK for: @serialport/bindings-cpp@10.8.0 want: ^5.0.0
104 silly placeDep ROOT node-gyp-build@4.6.0 OK for: @serialport/bindings-cpp@10.8.0 want: ^4.3.0
105 timing idealTree:node_modules/@serialport/bindings-cpp Completed in 2ms
106 timing idealTree:node_modules/@serialport/bindings-interface Completed in 0ms
107 timing idealTree:node_modules/@serialport/parser-byte-length Completed in 0ms
108 timing idealTree:node_modules/@serialport/parser-cctalk Completed in 0ms
109 timing idealTree:node_modules/@serialport/parser-delimiter Completed in 0ms
110 timing idealTree:node_modules/@serialport/parser-inter-byte-timeout Completed in 1ms
111 timing idealTree:node_modules/@serialport/parser-packet-length Completed in 0ms
112 timing idealTree:node_modules/@serialport/parser-readline Completed in 0ms
113 timing idealTree:node_modules/@serialport/parser-ready Completed in 0ms
114 timing idealTree:node_modules/@serialport/parser-regex Completed in 0ms
115 timing idealTree:node_modules/@serialport/parser-slip-encoder Completed in 0ms
116 timing idealTree:node_modules/@serialport/parser-spacepacket Completed in 0ms
117 timing idealTree:node_modules/@serialport/stream Completed in 0ms
118 silly placeDep ROOT ms@2.1.2 OK for: debug@4.3.4 want: 2.1.2
119 timing idealTree:node_modules/debug Completed in 1ms
120 timing idealTree:node_modules/ms Completed in 0ms
121 timing idealTree:node_modules/node-addon-api Completed in 0ms
122 timing idealTree:node_modules/node-gyp-build Completed in 0ms
123 timing idealTree:buildDeps Completed in 4677ms
124 timing idealTree:fixDepFlags Completed in 1ms
125 timing idealTree Completed in 4725ms
126 timing reify:loadTrees Completed in 4727ms
127 timing reify:diffTrees Completed in 2ms
128 silly reify moves {}
129 timing reify:retireShallow Completed in 1ms
130 timing reify:createSparse Completed in 5ms
131 timing reify:trashOmits Completed in 1ms
132 timing reify:loadBundles Completed in 0ms
133 silly tarball no local data for ms@https://registry.npmjs.org/ms/-/ms-2.1.2.tgz. Extracting by manifest.
134 silly tarball no local data for node-gyp-build@https://registry.npmjs.org/node-gyp-build/-/node-gyp-build-4.6.0.tgz. Extracting by manifest.
135 silly tarball no local data for node-addon-api@https://registry.npmjs.org/node-addon-api/-/node-addon-api-5.1.0.tgz. Extracting by manifest.
136 silly tarball no local data for debug@https://registry.npmjs.org/debug/-/debug-4.3.4.tgz. Extracting by manifest.
137 silly tarball no local data for @serialport/bindings-interface@https://registry.npmjs.org/@serialport/bindings-interface/-/bindings-interface-1.2.2.tgz. Extracting by manifest.
138 silly tarball no local data for @serialport/parser-spacepacket@https://registry.npmjs.org/@serialport/parser-spacepacket/-/parser-spacepacket-10.5.0.tgz. Extracting by manifest.
139 silly tarball no local data for @serialport/stream@https://registry.npmjs.org/@serialport/stream/-/stream-10.5.0.tgz. Extracting by manifest.
140 silly tarball no local data for @serialport/parser-slip-encoder@https://registry.npmjs.org/@serialport/parser-slip-encoder/-/parser-slip-encoder-10.5.0.tgz. Extracting by manifest.
141 silly tarball no local data for @serialport/parser-regex@https://registry.npmjs.org/@serialport/parser-regex/-/parser-regex-10.5.0.tgz. Extracting by manifest.
142 silly tarball no local data for @serialport/parser-ready@https://registry.npmjs.org/@serialport/parser-ready/-/parser-ready-10.5.0.tgz. Extracting by manifest.
143 silly tarball no local data for @serialport/parser-readline@https://registry.npmjs.org/@serialport/parser-readline/-/parser-readline-10.5.0.tgz. Extracting by manifest.
144 silly tarball no local data for @serialport/parser-packet-length@https://registry.npmjs.org/@serialport/parser-packet-length/-/parser-packet-length-10.5.0.tgz. Extracting by manifest.
145 silly tarball no local data for @serialport/parser-inter-byte-timeout@https://registry.npmjs.org/@serialport/parser-inter-byte-timeout/-/parser-inter-byte-timeout-10.5.0.tgz. Extracting by manifest.
146 silly tarball no local data for @serialport/parser-delimiter@https://registry.npmjs.org/@serialport/parser-delimiter/-/parser-delimiter-10.5.0.tgz. Extracting by manifest.
147 silly tarball no local data for @serialport/parser-cctalk@https://registry.npmjs.org/@serialport/parser-cctalk/-/parser-cctalk-10.5.0.tgz. Extracting by manifest.
148 silly tarball no local data for @serialport/parser-byte-length@https://registry.npmjs.org/@serialport/parser-byte-length/-/parser-byte-length-10.5.0.tgz. Extracting by manifest.
149 silly tarball no local data for @serialport/bindings-cpp@https://registry.npmjs.org/@serialport/bindings-cpp/-/bindings-cpp-10.8.0.tgz. Extracting by manifest.
150 silly tarball no local data for @serialport/binding-mock@https://registry.npmjs.org/@serialport/binding-mock/-/binding-mock-10.2.2.tgz. Extracting by manifest.
151 silly tarball no local data for serialport@https://registry.npmjs.org/serialport/-/serialport-10.5.0.tgz. Extracting by manifest.
152 silly tarball no local data for node-red-node-serialport@https://registry.npmjs.org/node-red-node-serialport/-/node-red-node-serialport-1.0.3.tgz. Extracting by manifest.
153 http fetch GET 200 https://registry.npmjs.org/debug/-/debug-4.3.4.tgz 202ms (cache miss)
154 timing reifyNode:node_modules/debug Completed in 249ms
155 http fetch GET 200 https://registry.npmjs.org/ms/-/ms-2.1.2.tgz 249ms (cache miss)
156 timing reifyNode:node_modules/ms Completed in 274ms
157 http fetch GET 200 https://registry.npmjs.org/node-gyp-build/-/node-gyp-build-4.6.0.tgz 257ms (cache miss)
158 timing reifyNode:node_modules/node-gyp-build Completed in 290ms
159 http fetch GET 200 https://registry.npmjs.org/serialport/-/serialport-10.5.0.tgz 133ms (cache miss)
160 timing reifyNode:node_modules/serialport Completed in 298ms
161 http fetch GET 200 https://registry.npmjs.org/node-red-node-serialport/-/node-red-node-serialport-1.0.3.tgz 139ms (cache miss)
162 http fetch GET 200 https://registry.npmjs.org/node-addon-api/-/node-addon-api-5.1.0.tgz 271ms (cache miss)
163 timing reifyNode:node_modules/node-red-node-serialport Completed in 318ms
164 timing reifyNode:node_modules/node-addon-api Completed in 320ms
165 http fetch GET 200 https://registry.npmjs.org/@serialport/parser-readline/-/parser-readline-10.5.0.tgz 305ms (cache miss)
166 timing reifyNode:node_modules/@serialport/parser-readline Completed in 409ms
167 http fetch GET 200 https://registry.npmjs.org/@serialport/parser-regex/-/parser-regex-10.5.0.tgz 350ms (cache miss)
168 timing reifyNode:node_modules/@serialport/parser-regex Completed in 433ms
169 http fetch GET 200 https://registry.npmjs.org/@serialport/parser-cctalk/-/parser-cctalk-10.5.0.tgz 315ms (cache miss)
170 timing reifyNode:node_modules/@serialport/parser-cctalk Completed in 455ms
171 http fetch GET 200 https://registry.npmjs.org/@serialport/parser-ready/-/parser-ready-10.5.0.tgz 377ms (cache miss)
172 timing reifyNode:node_modules/@serialport/parser-ready Completed in 467ms
173 http fetch GET 200 https://registry.npmjs.org/@serialport/parser-slip-encoder/-/parser-slip-encoder-10.5.0.tgz 942ms (cache miss)
174 timing reifyNode:node_modules/@serialport/parser-slip-encoder Completed in 1022ms
175 http fetch GET 200 https://registry.npmjs.org/@serialport/binding-mock/-/binding-mock-10.2.2.tgz 865ms (cache miss)
176 timing reifyNode:node_modules/@serialport/binding-mock Completed in 1028ms
177 http fetch GET 200 https://registry.npmjs.org/@serialport/parser-inter-byte-timeout/-/parser-inter-byte-timeout-10.5.0.tgz 927ms (cache miss)
178 timing reifyNode:node_modules/@serialport/parser-inter-byte-timeout Completed in 1039ms
179 http fetch GET 200 https://registry.npmjs.org/@serialport/bindings-interface/-/bindings-interface-1.2.2.tgz 980ms (cache miss)
180 timing reifyNode:node_modules/@serialport/bindings-interface Completed in 1045ms
181 http fetch GET 200 https://registry.npmjs.org/@serialport/parser-spacepacket/-/parser-spacepacket-10.5.0.tgz 980ms (cache miss)
182 timing reifyNode:node_modules/@serialport/parser-spacepacket Completed in 1049ms
183 http fetch GET 200 https://registry.npmjs.org/@serialport/stream/-/stream-10.5.0.tgz 984ms (cache miss)
184 timing reifyNode:node_modules/@serialport/stream Completed in 1057ms
185 http fetch GET 200 https://registry.npmjs.org/@serialport/parser-delimiter/-/parser-delimiter-10.5.0.tgz 930ms (cache miss)
186 timing reifyNode:node_modules/@serialport/parser-delimiter Completed in 1059ms
187 http fetch GET 200 https://registry.npmjs.org/@serialport/parser-packet-length/-/parser-packet-length-10.5.0.tgz 963ms (cache miss)
188 timing reifyNode:node_modules/@serialport/parser-packet-length Completed in 1071ms
189 http fetch GET 200 https://registry.npmjs.org/@serialport/parser-byte-length/-/parser-byte-length-10.5.0.tgz 1394ms (cache miss)
190 timing reifyNode:node_modules/@serialport/parser-byte-length Completed in 1546ms
191 http fetch GET 200 https://registry.npmjs.org/@serialport/bindings-cpp/-/bindings-cpp-10.8.0.tgz 2280ms (cache miss)
192 timing reifyNode:node_modules/@serialport/bindings-cpp Completed in 2438ms
193 timing reify:unpack Completed in 2440ms
194 timing reify:unretire Completed in 1ms
195 timing build:queue Completed in 2ms
196 timing build:link:node_modules/node-gyp-build Completed in 4ms
197 timing build:link Completed in 4ms
198 info run @serialport/bindings-cpp@10.8.0 install node_modules/@serialport/bindings-cpp node-gyp-build
199 info run @serialport/bindings-cpp@10.8.0 install { code: 0, signal: null }
200 timing build:run:install:node_modules/@serialport/bindings-cpp Completed in 383ms
201 timing build:run:install Completed in 385ms
202 timing build:deps Completed in 392ms
203 timing build Completed in 393ms
204 timing reify:build Completed in 393ms
205 timing reify:trash Completed in 0ms
206 timing reify:save Completed in 142ms
207 timing reify Completed in 7765ms
208 silly ADD node_modules/ms
209 silly ADD node_modules/node-gyp-build
210 silly ADD node_modules/node-addon-api
211 silly ADD node_modules/@serialport/bindings-interface
212 silly ADD node_modules/debug
213 silly ADD node_modules/@serialport/stream
214 silly ADD node_modules/@serialport/parser-spacepacket
215 silly ADD node_modules/@serialport/parser-slip-encoder
216 silly ADD node_modules/@serialport/parser-regex
217 silly ADD node_modules/@serialport/parser-ready
218 silly ADD node_modules/@serialport/parser-readline
219 silly ADD node_modules/@serialport/parser-packet-length
220 silly ADD node_modules/@serialport/parser-inter-byte-timeout
221 silly ADD node_modules/@serialport/parser-delimiter
222 silly ADD node_modules/@serialport/parser-cctalk
223 silly ADD node_modules/@serialport/parser-byte-length
224 silly ADD node_modules/@serialport/bindings-cpp
225 silly ADD node_modules/@serialport/binding-mock
226 silly ADD node_modules/serialport
227 silly ADD node_modules/node-red-node-serialport
228 timing command:install Completed in 7773ms
229 verbose exit 0
230 timing npm Completed in 7877ms
231 info ok
